<?xml version="1.0" encoding="UTF-8"?>
<!-- Generated by org.testng.reporters.JUnitXMLReporter -->
<testsuite ignored="3" hostname="Sreejiths-MacBook-Air.local" failures="0" tests="1" name="Test" time="22.373" errors="0" timestamp="2025-04-08T21:41:01 IST">
  <testcase classname="Testscripts.QAbibletestcases" name="tc04" time="16.722"/>
  <testcase classname="Testscripts.QAbibletestcases" name="tc03" time="0.0">
    <ignored/>
  </testcase> <!-- tc03 -->
  <testcase classname="Testscripts.QAbibletestcases" name="tc01" time="0.0">
    <ignored/>
  </testcase> <!-- tc01 -->
  <testcase classname="Testscripts.QAbibletestcases" name="tc02" time="0.0">
    <ignored/>
  </testcase> <!-- tc02 -->
</testsuite> <!-- Test -->
